[12/12/17, 00:34:37:862] info: ╔══════════════════════════════════════════════════════════════════════════════╗
[12/12/17, 00:34:37:863] info: ║      Slack 2.8.2, linux 4.13.11-1-ARCH on x64 at 12/12/17, 00:34:37:856      ║
[12/12/17, 00:34:37:864] info: ╚══════════════════════════════════════════════════════════════════════════════╝
[12/12/17, 00:34:38:047] info: Initializing local storage instance at path: /home/rlong/.config/Slack/local-settings.json
[12/12/17, 00:34:38:536] info: WebViewLifeCycle: Creating subscribable lifecycle object
{ objectId: 'T771AR265', assignedId: 1 }
[12/12/17, 00:34:38:540] info: WebView LifeCycle: New webview component created for T771AR265:1', with state 'unloaded'
[12/12/17, 00:34:38:544] info: TeamsDisplay: T771AR265 usage: 0
[12/12/17, 00:34:38:547] info: Store: SET_NETWORK_STATUS online
[12/12/17, 00:34:38:652] info: Checking network connection to Slack...
[12/12/17, 00:34:38:655] info: Store: APP_STARTED
{ updated: { events: { eventId: 1 } } }
[12/12/17, 00:34:39:574] info: Store: SAVE_WINDOW_SETTINGS
{ updated: { windowFrame: { windowSettings: [Object] } } }
[12/12/17, 00:34:43:095] info: Store: SELECT_CHANNEL
{ updated: { appTeams: { selectedChannelId: 'C77RWFEE8' } } }
[12/12/17, 00:34:43:965] info: TeamView: Bugsnag user: U77PR92AW
[12/12/17, 00:34:43:970] info: WebViewLifeCycle: State changed
{ id: 'T771AR265',
  componentId: 1,
  newState: 'page-loaded',
  data: null }
[12/12/17, 00:34:43:972] info: Store: page-loaded
[12/12/17, 00:34:44:545] info: Webapp finished loading
[12/12/17, 00:34:44:547] info: WebViewLifeCycle: State changed
{ id: 'T771AR265',
  componentId: 1,
  newState: 'webapp-loaded',
  data: null }
[12/12/17, 00:34:44:547] info: Store: webapp-loaded
[12/12/17, 00:34:44:715] info: Store: [7] Store an API token for a team
{ updated: { tokens: { T771AR265: [Object] } } }
[12/12/17, 00:36:45:403] info: Store: NEW_NOTIFICATION
{ updated: { notifications: { notifications: [Object], newNotification: [Object] } },
  deleted: {} }
[12/12/17, 00:36:45:406] info: Creating new window notification.
[12/12/17, 00:36:56:170] info: Store: NEW_NOTIFICATION
{ updated: { notifications: { notifications: [Object], newNotification: [Object] } },
  deleted: {} }
[12/12/17, 00:36:56:172] info: Creating new window notification.
[12/12/17, 00:37:04:318] info: Store: NEW_NOTIFICATION
{ updated: { notifications: { notifications: [Object], newNotification: [Object] } },
  deleted: {} }
[12/12/17, 00:37:04:321] info: Creating new window notification.
[12/12/17, 00:37:15:787] info: Store: NEW_NOTIFICATION
{ updated: { notifications: { notifications: [Object], newNotification: [Object] } },
  deleted: {} }
[12/12/17, 00:37:15:790] info: Creating new window notification.
[12/12/17, 00:42:45:919] info: Store: NEW_NOTIFICATION
{ updated: { notifications: { notifications: [Object], newNotification: [Object] } },
  deleted: {} }
[12/12/17, 00:42:45:921] info: Creating new window notification.
[12/12/17, 00:45:34:617] info: Store: NEW_NOTIFICATION
{ updated: { notifications: { notifications: [Object], newNotification: [Object] } },
  deleted: {} }
[12/12/17, 00:45:34:618] info: Creating new window notification.
[12/12/17, 00:45:43:846] info: Store: NEW_NOTIFICATION
{ updated: { notifications: { notifications: [Object], newNotification: [Object] } },
  deleted: {} }
[12/12/17, 00:45:43:848] info: Creating new window notification.
[12/12/17, 00:45:50:088] info: Store: NEW_NOTIFICATION
{ updated: { notifications: { notifications: [Object], newNotification: [Object] } },
  deleted: {} }
[12/12/17, 00:45:50:089] info: Creating new window notification.
[12/12/17, 00:57:42:758] info: Store: SAVE_WINDOW_SETTINGS
{ updated: { windowFrame: { windowSettings: [Object] } } }
[12/12/17, 00:58:27:117] info: Store: NEW_NOTIFICATION
{ updated: { notifications: { notifications: [Object], newNotification: [Object] } },
  deleted: {} }
[12/12/17, 00:58:27:119] info: Creating new window notification.
[12/12/17, 01:00:56:187] info: Store: NEW_NOTIFICATION
{ updated: { notifications: { notifications: [Object], newNotification: [Object] } },
  deleted: {} }
[12/12/17, 01:00:56:189] info: Creating new window notification.
[12/12/17, 01:01:00:571] info: Store: NEW_NOTIFICATION
{ updated: { notifications: { notifications: [Object], newNotification: [Object] } },
  deleted: {} }
[12/12/17, 01:01:00:572] info: Creating new window notification.
[12/12/17, 01:01:30:865] info: Store: NEW_NOTIFICATION
{ updated: { notifications: { notifications: [Object], newNotification: [Object] } },
  deleted: {} }
[12/12/17, 01:01:30:866] info: Creating new window notification.
[12/12/17, 01:01:34:189] info: Store: NEW_NOTIFICATION
{ updated: { notifications: { notifications: [Object], newNotification: [Object] } },
  deleted: {} }
[12/12/17, 01:01:34:191] info: Creating new window notification.
[12/12/17, 01:02:28:326] info: Store: NEW_NOTIFICATION
{ updated: { notifications: { notifications: [Object], newNotification: [Object] } },
  deleted: {} }
[12/12/17, 01:02:28:328] info: Creating new window notification.
[12/12/17, 01:04:35:185] info: Store: NEW_NOTIFICATION
{ updated: { notifications: { notifications: [Object], newNotification: [Object] } },
  deleted: {} }
[12/12/17, 01:04:35:186] info: Creating new window notification.
[12/12/17, 01:04:50:306] info: Store: NEW_NOTIFICATION
{ updated: { notifications: { notifications: [Object], newNotification: [Object] } },
  deleted: {} }
[12/12/17, 01:04:50:307] info: Creating new window notification.
[12/12/17, 01:04:59:165] info: Store: NEW_NOTIFICATION
{ updated: { notifications: { notifications: [Object], newNotification: [Object] } },
  deleted: {} }
[12/12/17, 01:04:59:167] info: Creating new window notification.
[12/12/17, 01:05:07:027] info: Store: NEW_NOTIFICATION
{ updated: { notifications: { notifications: [Object], newNotification: [Object] } },
  deleted: {} }
[12/12/17, 01:05:07:029] info: Creating new window notification.
[12/12/17, 01:05:13:865] info: Store: NEW_NOTIFICATION
{ updated: { notifications: { notifications: [Object], newNotification: [Object] } },
  deleted: {} }
[12/12/17, 01:05:13:866] info: Creating new window notification.
[12/12/17, 01:08:34:133] info: Store: NEW_NOTIFICATION
{ updated: { notifications: { notifications: [Object], newNotification: [Object] } },
  deleted: {} }
[12/12/17, 01:08:34:135] info: Creating new window notification.
[12/12/17, 01:08:44:225] info: Store: NEW_NOTIFICATION
{ updated: { notifications: { notifications: [Object], newNotification: [Object] } },
  deleted: {} }
[12/12/17, 01:08:44:227] info: Creating new window notification.
[12/12/17, 01:19:53:480] info: Store: NEW_NOTIFICATION
{ updated: { notifications: { notifications: [Object], newNotification: [Object] } },
  deleted: {} }
[12/12/17, 01:19:53:481] info: Creating new window notification.
[12/12/17, 01:20:18:007] info: Store: NEW_NOTIFICATION
{ updated: { notifications: { notifications: [Object], newNotification: [Object] } },
  deleted: {} }
[12/12/17, 01:20:18:009] info: Creating new window notification.
[12/12/17, 01:20:24:797] info: Store: NEW_NOTIFICATION
{ updated: { notifications: { notifications: [Object], newNotification: [Object] } },
  deleted: {} }
[12/12/17, 01:20:24:800] info: Creating new window notification.
[12/12/17, 01:20:33:900] info: Store: NEW_NOTIFICATION
{ updated: { notifications: { notifications: [Object], newNotification: [Object] } },
  deleted: {} }
[12/12/17, 01:20:33:901] info: Creating new window notification.
[12/12/17, 01:20:48:731] info: Store: NEW_NOTIFICATION
{ updated: { notifications: { notifications: [Object], newNotification: [Object] } },
  deleted: {} }
[12/12/17, 01:20:48:732] info: Creating new window notification.
[12/12/17, 01:23:00:462] info: Store: NEW_NOTIFICATION
{ updated: { notifications: { notifications: [Object], newNotification: [Object] } },
  deleted: {} }
[12/12/17, 01:23:00:464] info: Creating new window notification.
[12/12/17, 01:23:05:285] info: Store: NEW_NOTIFICATION
{ updated: { notifications: { notifications: [Object], newNotification: [Object] } },
  deleted: {} }
[12/12/17, 01:23:05:286] info: Creating new window notification.
[12/12/17, 01:23:14:100] info: Store: NEW_NOTIFICATION
{ updated: { notifications: { notifications: [Object], newNotification: [Object] } },
  deleted: {} }
[12/12/17, 01:23:14:102] info: Creating new window notification.
[12/12/17, 01:23:17:679] info: Store: NEW_NOTIFICATION
{ updated: { notifications: { notifications: [Object], newNotification: [Object] } },
  deleted: {} }
[12/12/17, 01:23:17:681] info: Creating new window notification.
[12/12/17, 01:23:25:490] info: Store: NEW_NOTIFICATION
{ updated: { notifications: { notifications: [Object], newNotification: [Object] } },
  deleted: {} }
[12/12/17, 01:23:25:491] info: Creating new window notification.
[12/12/17, 01:23:36:123] info: Store: NEW_NOTIFICATION
{ updated: { notifications: { notifications: [Object], newNotification: [Object] } },
  deleted: {} }
[12/12/17, 01:23:36:124] info: Creating new window notification.
[12/12/17, 01:23:46:276] info: Store: NEW_NOTIFICATION
{ updated: { notifications: { notifications: [Object], newNotification: [Object] } },
  deleted: {} }
[12/12/17, 01:23:46:278] info: Creating new window notification.
[12/12/17, 01:23:49:898] info: Store: NEW_NOTIFICATION
{ updated: { notifications: { notifications: [Object], newNotification: [Object] } },
  deleted: {} }
[12/12/17, 01:23:49:900] info: Creating new window notification.
[12/12/17, 01:24:01:232] info: Store: NEW_NOTIFICATION
{ updated: { notifications: { notifications: [Object], newNotification: [Object] } },
  deleted: {} }
[12/12/17, 01:24:01:234] info: Creating new window notification.
[12/12/17, 01:28:04:362] info: Store: NEW_NOTIFICATION
{ updated: { notifications: { notifications: [Object], newNotification: [Object] } },
  deleted: {} }
[12/12/17, 01:28:04:364] info: Creating new window notification.
[12/12/17, 01:28:10:210] info: Store: NEW_NOTIFICATION
{ updated: { notifications: { notifications: [Object], newNotification: [Object] } },
  deleted: {} }
[12/12/17, 01:28:10:212] info: Creating new window notification.
[12/12/17, 01:28:16:357] info: Store: NEW_NOTIFICATION
{ updated: { notifications: { notifications: [Object], newNotification: [Object] } },
  deleted: {} }
[12/12/17, 01:28:16:358] info: Creating new window notification.
[12/12/17, 02:38:58:047] info: Store: NEW_NOTIFICATION
{ updated: { notifications: { notifications: [Object], newNotification: [Object] } },
  deleted: {} }
[12/12/17, 02:38:58:048] info: Creating new window notification.
[12/12/17, 14:49:43:137] info: Store: SELECT_CHANNEL
{ updated: { appTeams: { selectedChannelId: 'D778XTPAM' } } }
[12/12/17, 15:20:31:621] info: Store: NEW_NOTIFICATION
{ updated: { notifications: { notifications: [Object], newNotification: [Object] } },
  deleted: {} }
[12/12/17, 15:20:31:622] info: Creating new window notification.
[12/12/17, 15:20:35:428] info: Store: NEW_NOTIFICATION
{ updated: { notifications: { notifications: [Object], newNotification: [Object] } },
  deleted: {} }
[12/12/17, 15:20:35:430] info: Creating new window notification.
[12/12/17, 17:00:40:780] info: Store: NEW_NOTIFICATION
{ updated: { notifications: { notifications: [Object], newNotification: [Object] } },
  deleted: {} }
[12/12/17, 17:00:40:781] info: Creating new window notification.
[12/12/17, 17:01:20:088] info: Store: NEW_NOTIFICATION
{ updated: { notifications: { notifications: [Object], newNotification: [Object] } },
  deleted: {} }
[12/12/17, 17:01:20:090] info: Creating new window notification.
[12/12/17, 17:01:28:704] info: Store: NEW_NOTIFICATION
{ updated: { notifications: { notifications: [Object], newNotification: [Object] } },
  deleted: {} }
[12/12/17, 17:01:28:706] info: Creating new window notification.
[12/12/17, 17:37:49:627] info: Store: SELECT_CHANNEL
{ updated: { appTeams: { selectedChannelId: 'C77RWFEE8' } } }
[12/12/17, 17:45:20:344] info: Store: NEW_NOTIFICATION
{ updated: { notifications: { notifications: [Object], newNotification: [Object] } },
  deleted: {} }
[12/12/17, 17:45:20:346] info: Creating new window notification.
[12/12/17, 17:45:30:313] info: Store: NEW_NOTIFICATION
{ updated: { notifications: { notifications: [Object], newNotification: [Object] } },
  deleted: {} }
[12/12/17, 17:45:30:315] info: Creating new window notification.
[12/12/17, 17:51:17:593] info: Store: NEW_NOTIFICATION
{ updated: { notifications: { notifications: [Object], newNotification: [Object] } },
  deleted: {} }
[12/12/17, 17:51:17:595] info: Creating new window notification.
[12/12/17, 17:51:56:738] info: Store: NEW_NOTIFICATION
{ updated: { notifications: { notifications: [Object], newNotification: [Object] } },
  deleted: {} }
[12/12/17, 17:51:56:739] info: Creating new window notification.
[12/12/17, 17:52:07:821] info: Store: NEW_NOTIFICATION
{ updated: { notifications: { notifications: [Object], newNotification: [Object] } },
  deleted: {} }
[12/12/17, 17:52:07:822] info: Creating new window notification.
[12/12/17, 18:07:00:938] info: Store: SELECT_CHANNEL
{ updated: { appTeams: { selectedChannelId: 'D778XTPAM' } } }
[12/12/17, 18:08:58:806] info: Store: NEW_NOTIFICATION
{ updated: { notifications: { notifications: [Object], newNotification: [Object] } },
  deleted: {} }
[12/12/17, 18:08:58:807] info: Creating new window notification.
[12/12/17, 18:08:58:931] info: Store: NEW_NOTIFICATION
{ updated: { notifications: { notifications: [Object], newNotification: [Object] } },
  deleted: {} }
[12/12/17, 18:08:58:932] info: Creating new window notification.
[12/12/17, 18:08:59:082] info: Store: NEW_NOTIFICATION
{ updated: { notifications: { notifications: [Object], newNotification: [Object] } },
  deleted: {} }
[12/12/17, 18:08:59:084] info: Creating new window notification.
[12/12/17, 18:08:59:301] info: Store: NEW_NOTIFICATION
{ updated: { notifications: { notifications: [Object], newNotification: [Object] } },
  deleted: {} }
[12/12/17, 18:08:59:303] info: Creating new window notification.
[12/12/17, 18:09:38:296] info: Store: NEW_NOTIFICATION
{ updated: { notifications: { notifications: [Object], newNotification: [Object] } },
  deleted: {} }
[12/12/17, 18:09:38:297] info: Creating new window notification.
[12/12/17, 18:09:42:914] info: Store: NEW_NOTIFICATION
{ updated: { notifications: { notifications: [Object], newNotification: [Object] } },
  deleted: {} }
[12/12/17, 18:09:42:915] info: Creating new window notification.
[12/12/17, 18:10:59:923] info: Store: NEW_NOTIFICATION
{ updated: { notifications: { notifications: [Object], newNotification: [Object] } },
  deleted: {} }
[12/12/17, 18:10:59:924] info: Creating new window notification.
[12/12/17, 18:11:05:749] info: Store: NEW_NOTIFICATION
{ updated: { notifications: { notifications: [Object], newNotification: [Object] } },
  deleted: {} }
[12/12/17, 18:11:05:750] info: Creating new window notification.
[12/12/17, 18:11:31:036] info: Store: NEW_NOTIFICATION
{ updated: { notifications: { notifications: [Object], newNotification: [Object] } },
  deleted: {} }
[12/12/17, 18:11:31:037] info: Creating new window notification.
[12/12/17, 18:11:36:442] info: Store: NEW_NOTIFICATION
{ updated: { notifications: { notifications: [Object], newNotification: [Object] } },
  deleted: {} }
[12/12/17, 18:11:36:443] info: Creating new window notification.
[12/12/17, 18:11:39:940] info: Store: NEW_NOTIFICATION
{ updated: { notifications: { notifications: [Object], newNotification: [Object] } },
  deleted: {} }
[12/12/17, 18:11:39:941] info: Creating new window notification.
[12/12/17, 18:11:47:735] info: Store: SELECT_CHANNEL
{ updated: { appTeams: { selectedChannelId: 'C77RWFEE8' } } }
[12/12/17, 18:12:10:097] info: Store: SELECT_CHANNEL
{ updated: { appTeams: { selectedChannelId: 'D778XTPAM' } } }
[12/12/17, 18:13:18:362] info: Store: NEW_NOTIFICATION
{ updated: { notifications: { notifications: [Object], newNotification: [Object] } },
  deleted: {} }
[12/12/17, 18:13:18:363] info: Creating new window notification.
[12/12/17, 18:13:20:936] info: Store: NEW_NOTIFICATION
{ updated: { notifications: { notifications: [Object], newNotification: [Object] } },
  deleted: {} }
[12/12/17, 18:13:20:937] info: Creating new window notification.
[12/12/17, 18:13:46:623] info: Store: NEW_NOTIFICATION
{ updated: { notifications: { notifications: [Object], newNotification: [Object] } },
  deleted: {} }
[12/12/17, 18:13:46:625] info: Creating new window notification.
[12/12/17, 18:13:49:649] info: Store: NEW_NOTIFICATION
{ updated: { notifications: { notifications: [Object], newNotification: [Object] } },
  deleted: {} }
[12/12/17, 18:13:49:650] info: Creating new window notification.
[12/12/17, 18:15:01:580] info: Store: NEW_NOTIFICATION
{ updated: { notifications: { notifications: [Object], newNotification: [Object] } },
  deleted: {} }
[12/12/17, 18:15:01:581] info: Creating new window notification.
[12/12/17, 18:15:04:752] info: Store: NEW_NOTIFICATION
{ updated: { notifications: { notifications: [Object], newNotification: [Object] } },
  deleted: {} }
[12/12/17, 18:15:04:753] info: Creating new window notification.
[12/12/17, 18:15:23:531] info: Store: NEW_NOTIFICATION
{ updated: { notifications: { notifications: [Object], newNotification: [Object] } },
  deleted: {} }
[12/12/17, 18:15:23:532] info: Creating new window notification.
[12/12/17, 18:18:09:404] info: Store: NEW_NOTIFICATION
{ updated: { notifications: { notifications: [Object], newNotification: [Object] } },
  deleted: {} }
[12/12/17, 18:18:09:406] info: Creating new window notification.
[12/12/17, 18:18:11:898] info: Store: NEW_NOTIFICATION
{ updated: { notifications: { notifications: [Object], newNotification: [Object] } },
  deleted: {} }
[12/12/17, 18:18:11:899] info: Creating new window notification.
[12/12/17, 18:19:15:020] info: Store: NEW_NOTIFICATION
{ updated: { notifications: { notifications: [Object], newNotification: [Object] } },
  deleted: {} }
[12/12/17, 18:19:15:021] info: Creating new window notification.
[12/12/17, 18:19:15:701] info: Store: NEW_NOTIFICATION
{ updated: { notifications: { notifications: [Object], newNotification: [Object] } },
  deleted: {} }
[12/12/17, 18:19:15:702] info: Creating new window notification.
[12/12/17, 18:41:40:232] info: Store: NEW_NOTIFICATION
{ updated: { notifications: { notifications: [Object], newNotification: [Object] } },
  deleted: {} }
[12/12/17, 18:41:40:233] info: Creating new window notification.
